<?xml version="1.0" encoding="UTF-8"?>
<!-- Generated by org.testng.reporters.JUnitXMLReporter -->
<testsuite hostname="DESKTOP-5V9R9TL" ignored="13" name="Smoke Test" tests="2" failures="0" timestamp="2020-01-14T20:33:13 EST" time="0.053" errors="0">
  <testcase name="test" time="0.004" classname="com.class03.AlwaysRun"/>
  <testcase name="test1" time="0.001" classname="com.class03.AlwaysRun"/>
  <testcase name="ChelseaWon" time="0.0" classname="com.class01.TaskNG">
    <ignored/>
  </testcase> <!-- ChelseaWon -->
  <testcase name="wePlayed" time="0.0" classname="com.class01.TaskNG">
    <ignored/>
  </testcase> <!-- wePlayed -->
  <testcase name="weDidNotPlay" time="0.0" classname="com.class01.TaskNG">
    <ignored/>
  </testcase> <!-- weDidNotPlay -->
  <testcase name="testTwo" time="0.0" classname="com.class01.TestNGDemo">
    <ignored/>
  </testcase> <!-- testTwo -->
  <testcase name="testTwo" time="0.0" classname="com.class01.Task2">
    <ignored/>
  </testcase> <!-- testTwo -->
  <testcase name="testOne" time="0.0" classname="com.class01.TestNGDemo">
    <ignored/>
  </testcase> <!-- testOne -->
  <testcase name="testThree" time="0.0" classname="com.class01.TestNGDemo">
    <ignored/>
  </testcase> <!-- testThree -->
  <testcase name="validLogin" time="0.0" classname="com.class01.TitleLogoAndLoginVerification">
    <ignored/>
  </testcase> <!-- validLogin -->
  <testcase name="Test" time="0.0" classname="com.class01.DifferentAnnotations">
    <ignored/>
  </testcase> <!-- Test -->
  <testcase name="ChelseaLost" time="0.0" classname="com.class01.TaskNG">
    <ignored/>
  </testcase> <!-- ChelseaLost -->
  <testcase name="testOne" time="0.0" classname="com.class01.Task2">
    <ignored/>
  </testcase> <!-- testOne -->
  <testcase name="titleVerification" time="0.0" classname="com.class01.TitleLogoAndLoginVerification">
    <ignored/>
  </testcase> <!-- titleVerification -->
  <testcase name="logoValidation" time="0.0" classname="com.class01.TitleLogoAndLoginVerification">
    <ignored/>
  </testcase> <!-- logoValidation -->
</testsuite> <!-- Smoke Test -->
