<?xml version="1.0" encoding="UTF-8"?>
<!-- Generated by org.testng.reporters.JUnitXMLReporter -->
<testsuite hostname="DESKTOP-5V9R9TL" ignored="0" name="Test" tests="10" failures="0" timestamp="2020-01-22T19:43:17 EST" time="0.059" errors="0">
  <testcase name="validateLeaveList" time="0.009" classname="com.syntax.testcases.LeaveList"/>
  <testcase name="leaveDate" time="0.001" classname="com.syntax.testcases.LeaveModule"/>
  <testcase name="returnDate" time="0.001" classname="com.syntax.testcases.LeaveModule"/>
  <testcase name="validateLeaveModule" time="0.001" classname="com.syntax.testcases.LeaveModule"/>
  <testcase name="removeEmployee" time="0.001" classname="com.syntax.testcases.PimModule"/>
  <testcase name="validateAddEmployee" time="0.001" classname="com.syntax.testcases.PimModule"/>
  <testcase name="validatePimModule" time="0.001" classname="com.syntax.testcases.PimModule"/>
  <testcase name="closeReport" time="0.001" classname="com.syntax.testcases.ReportModule"/>
  <testcase name="openReport" time="0.001" classname="com.syntax.testcases.ReportModule"/>
  <testcase name="validateReportModule" time="0.001" classname="com.syntax.testcases.ReportModule"/>
</testsuite> <!-- Test -->
