<?xml version="1.0" encoding="UTF-8"?>
<!-- Generated by org.testng.reporters.JUnitXMLReporter -->
<testsuite hostname="DESKTOP-5V9R9TL" ignored="6" name="Test" tests="3" failures="0" timestamp="2020-01-22T19:38:57 EST" time="0.046" errors="0">
  <testcase name="validatePimModule" time="0.007" classname="com.syntax.hrms.PimModule"/>
  <testcase name="validateReportModule" time="0.001" classname="com.syntax.hrms.ReportModule"/>
  <testcase name="validateLeaveModule" time="0.001" classname="com.syntax.hrms.LeaveModule"/>
  <testcase name="removeEmployee" time="0.0" classname="com.syntax.hrms.PimModule">
    <ignored/>
  </testcase> <!-- removeEmployee -->
  <testcase name="closeReport" time="0.0" classname="com.syntax.hrms.ReportModule">
    <ignored/>
  </testcase> <!-- closeReport -->
  <testcase name="leaveDate" time="0.0" classname="com.syntax.hrms.LeaveModule">
    <ignored/>
  </testcase> <!-- leaveDate -->
  <testcase name="returnDate" time="0.0" classname="com.syntax.hrms.LeaveModule">
    <ignored/>
  </testcase> <!-- returnDate -->
  <testcase name="openReport" time="0.0" classname="com.syntax.hrms.ReportModule">
    <ignored/>
  </testcase> <!-- openReport -->
  <testcase name="validateAddEmployee" time="0.0" classname="com.syntax.hrms.PimModule">
    <ignored/>
  </testcase> <!-- validateAddEmployee -->
</testsuite> <!-- Test -->
