<?xml version="1.0" encoding="UTF-8"?>
<testng-results skipped="0" failed="0" ignored="0" total="0" passed="0">
  <reporter-output>
  </reporter-output>
  <suite name="Regression Suite" duration-ms="7" started-at="2020-01-16T21:41:49 EST" finished-at="2020-01-16T21:41:49 EST">
    <groups>
    </groups>
    <test name="Regression Test" duration-ms="7" started-at="2020-01-16T21:41:49 EST" finished-at="2020-01-16T21:41:49 EST">
    </test> <!-- Regression Test -->
  </suite> <!-- Regression Suite -->
</testng-results>
